<object-stream>
<org.drools.core.audit.WorkingMemoryLog>
  <version>6.1</version>
  <events>
    <org.drools.core.audit.event.ObjectLogEvent>
      <type>1</type>
      <factId>1</factId>
      <objectToString>ssii.drools.helloworld.HelloWorldExample$Message@613a8ee1</objectToString>
    </org.drools.core.audit.event.ObjectLogEvent>
    <org.drools.core.audit.event.ActivationLogEvent>
      <type>4</type>
      <activationId>Hello World [1]</activationId>
      <rule>Hello World</rule>
      <declarations>message=Hello World(1); m=ssii.drools.helloworld.HelloWorldExample$Message@613a8ee1(1)</declarations>
      <factHandleIds>1</factHandleIds>
    </org.drools.core.audit.event.ActivationLogEvent>
    <org.drools.core.audit.event.ActivationLogEvent>
      <type>6</type>
      <activationId>Hello World [1]</activationId>
      <rule>Hello World</rule>
      <declarations>message=Hello World(1); m=ssii.drools.helloworld.HelloWorldExample$Message@613a8ee1(1)</declarations>
      <factHandleIds>1</factHandleIds>
    </org.drools.core.audit.event.ActivationLogEvent>
    <org.drools.core.audit.event.ObjectLogEvent>
      <type>2</type>
      <factId>1</factId>
      <objectToString>ssii.drools.helloworld.HelloWorldExample$Message@613a8ee1</objectToString>
    </org.drools.core.audit.event.ObjectLogEvent>
    <org.drools.core.audit.event.ActivationLogEvent>
      <type>7</type>
      <activationId>Hello World [1]</activationId>
      <rule>Hello World</rule>
      <declarations>message=Goodbye cruel world(1); m=ssii.drools.helloworld.HelloWorldExample$Message@613a8ee1(1)</declarations>
      <factHandleIds>1</factHandleIds>
    </org.drools.core.audit.event.ActivationLogEvent>
    <org.drools.core.audit.event.ActivationLogEvent>
      <type>4</type>
      <activationId>Good Bye [1]</activationId>
      <rule>Good Bye</rule>
      <declarations>message=Goodbye cruel world(1)</declarations>
      <factHandleIds>1</factHandleIds>
    </org.drools.core.audit.event.ActivationLogEvent>
    <org.drools.core.audit.event.ActivationLogEvent>
      <type>6</type>
      <activationId>Good Bye [1]</activationId>
      <rule>Good Bye</rule>
      <declarations>message=Goodbye cruel world(1)</declarations>
      <factHandleIds>1</factHandleIds>
    </org.drools.core.audit.event.ActivationLogEvent>
    <org.drools.core.audit.event.ActivationLogEvent>
      <type>7</type>
      <activationId>Good Bye [1]</activationId>
      <rule>Good Bye</rule>
      <declarations>message=Goodbye cruel world(1)</declarations>
      <factHandleIds>1</factHandleIds>
    </org.drools.core.audit.event.ActivationLogEvent>
  </events>
  <engine>PHREAK</engine>
</org.drools.core.audit.WorkingMemoryLog>
</object-stream>
